Determining if the pthread_create exist failed with the following output:
Change Dir: /home/lizhen/CortexTheseus/infernet/build/CMakeFiles/CMakeTmp

Run Build Command:"/usr/bin/make" "cmTC_39547/fast"
/usr/bin/make -f CMakeFiles/cmTC_39547.dir/build.make CMakeFiles/cmTC_39547.dir/build
make[1]: Entering directory '/home/lizhen/CortexTheseus/infernet/build/CMakeFiles/CMakeTmp'
Building C object CMakeFiles/cmTC_39547.dir/CheckSymbolExists.c.o
/usr/bin/cc    -fPIC    -o CMakeFiles/cmTC_39547.dir/CheckSymbolExists.c.o   -c /home/lizhen/CortexTheseus/infernet/build/CMakeFiles/CMakeTmp/CheckSymbolExists.c
Linking C executable cmTC_39547
/usr/bin/cmake -E cmake_link_script CMakeFiles/cmTC_39547.dir/link.txt --verbose=1
/usr/bin/cc  -fPIC      CMakeFiles/cmTC_39547.dir/CheckSymbolExists.c.o  -o cmTC_39547 -rdynamic 
CMakeFiles/cmTC_39547.dir/CheckSymbolExists.c.o: In function `main':
CheckSymbolExists.c:(.text+0x1b): undefined reference to `pthread_create'
collect2: error: ld returned 1 exit status
CMakeFiles/cmTC_39547.dir/build.make:97: recipe for target 'cmTC_39547' failed
make[1]: *** [cmTC_39547] Error 1
make[1]: Leaving directory '/home/lizhen/CortexTheseus/infernet/build/CMakeFiles/CMakeTmp'
Makefile:126: recipe for target 'cmTC_39547/fast' failed
make: *** [cmTC_39547/fast] Error 2

File /home/lizhen/CortexTheseus/infernet/build/CMakeFiles/CMakeTmp/CheckSymbolExists.c:
/* */
#include <pthread.h>

int main(int argc, char** argv)
{
  (void)argv;
#ifndef pthread_create
  return ((int*)(&pthread_create))[argc];
#else
  (void)argc;
  return 0;
#endif
}

Determining if the function pthread_create exists in the pthreads failed with the following output:
Change Dir: /home/lizhen/CortexTheseus/infernet/build/CMakeFiles/CMakeTmp

Run Build Command:"/usr/bin/make" "cmTC_3fefb/fast"
/usr/bin/make -f CMakeFiles/cmTC_3fefb.dir/build.make CMakeFiles/cmTC_3fefb.dir/build
make[1]: Entering directory '/home/lizhen/CortexTheseus/infernet/build/CMakeFiles/CMakeTmp'
Building C object CMakeFiles/cmTC_3fefb.dir/CheckFunctionExists.c.o
/usr/bin/cc    -fPIC -DCHECK_FUNCTION_EXISTS=pthread_create   -o CMakeFiles/cmTC_3fefb.dir/CheckFunctionExists.c.o   -c /usr/share/cmake-3.5/Modules/CheckFunctionExists.c
Linking C executable cmTC_3fefb
/usr/bin/cmake -E cmake_link_script CMakeFiles/cmTC_3fefb.dir/link.txt --verbose=1
/usr/bin/cc  -fPIC -DCHECK_FUNCTION_EXISTS=pthread_create     CMakeFiles/cmTC_3fefb.dir/CheckFunctionExists.c.o  -o cmTC_3fefb -rdynamic -lpthreads 
/usr/bin/ld: cannot find -lpthreads
collect2: error: ld returned 1 exit status
CMakeFiles/cmTC_3fefb.dir/build.make:97: recipe for target 'cmTC_3fefb' failed
make[1]: *** [cmTC_3fefb] Error 1
make[1]: Leaving directory '/home/lizhen/CortexTheseus/infernet/build/CMakeFiles/CMakeTmp'
Makefile:126: recipe for target 'cmTC_3fefb/fast' failed
make: *** [cmTC_3fefb/fast] Error 2


